<?xml version="1.0" encoding="UTF-8"?>
<testng-results skipped="0" failed="1" total="3" passed="2">
  <reporter-output>
  </reporter-output>
  <suite name="Default suite" duration-ms="13770" started-at="2016-10-06T09:11:24Z" finished-at="2016-10-06T09:11:37Z">
    <groups>
    </groups>
    <test name="Default test" duration-ms="13770" started-at="2016-10-06T09:11:24Z" finished-at="2016-10-06T09:11:37Z">
      <class name="selenium_webtest.Webtest">
        <test-method status="PASS" signature="start()[pri:0, instance:selenium_webtest.Webtest@60c6f5b]" name="start" is-config="true" duration-ms="3786" started-at="2016-10-06T16:11:24Z" finished-at="2016-10-06T16:11:27Z">
          <reporter-output>
          </reporter-output>
        </test-method> <!-- start -->
        <test-method status="PASS" signature="initWebDriver()[pri:0, instance:selenium_webtest.Webtest@60c6f5b]" name="initWebDriver" is-config="true" duration-ms="1" started-at="2016-10-06T16:11:27Z" finished-at="2016-10-06T16:11:27Z">
          <reporter-output>
          </reporter-output>
        </test-method> <!-- initWebDriver -->
        <test-method status="PASS" signature="TestA_insert()[pri:0, instance:selenium_webtest.Webtest@60c6f5b]" name="TestA_insert" duration-ms="961" started-at="2016-10-06T16:11:27Z" finished-at="2016-10-06T16:11:28Z">
          <reporter-output>
          </reporter-output>
        </test-method> <!-- TestA_insert -->
        <test-method status="FAIL" signature="TestB_update()[pri:0, instance:selenium_webtest.Webtest@60c6f5b]" name="TestB_update" duration-ms="2988" started-at="2016-10-06T16:11:28Z" finished-at="2016-10-06T16:11:31Z">
          <exception class="java.lang.AssertionError">
            <message>
              <![CDATA[expected:<test02> but was:<new>]]>
            </message>
            <full-stacktrace>
              <![CDATA[java.lang.AssertionError: expected:<test02> but was:<new>
	at org.testng.AssertJUnit.assertEquals(AssertJUnit.java:101)
	at org.testng.AssertJUnit.assertEquals(AssertJUnit.java:108)
	at selenium_webtest.Webtest.assertTestUpdate(Webtest.java:39)
	at selenium_webtest.Webtest.TestB_update(Webtest.java:97)
	at sun.reflect.NativeMethodAccessorImpl.invoke0(Native Method)
	at sun.reflect.NativeMethodAccessorImpl.invoke(NativeMethodAccessorImpl.java:62)
	at sun.reflect.DelegatingMethodAccessorImpl.invoke(DelegatingMethodAccessorImpl.java:43)
	at java.lang.reflect.Method.invoke(Method.java:498)
	at org.testng.internal.MethodInvocationHelper.invokeMethod(MethodInvocationHelper.java:85)
	at org.testng.internal.Invoker.invokeMethod(Invoker.java:659)
	at org.testng.internal.Invoker.invokeTestMethod(Invoker.java:845)
	at org.testng.internal.Invoker.invokeTestMethods(Invoker.java:1153)
	at org.testng.internal.TestMethodWorker.invokeTestMethods(TestMethodWorker.java:125)
	at org.testng.internal.TestMethodWorker.run(TestMethodWorker.java:108)
	at org.testng.TestRunner.privateRun(TestRunner.java:771)
	at org.testng.TestRunner.run(TestRunner.java:621)
	at org.testng.SuiteRunner.runTest(SuiteRunner.java:357)
	at org.testng.SuiteRunner.runSequentially(SuiteRunner.java:352)
	at org.testng.SuiteRunner.privateRun(SuiteRunner.java:310)
	at org.testng.SuiteRunner.run(SuiteRunner.java:259)
	at org.testng.SuiteRunnerWorker.runSuite(SuiteRunnerWorker.java:52)
	at org.testng.SuiteRunnerWorker.run(SuiteRunnerWorker.java:86)
	at org.testng.TestNG.runSuitesSequentially(TestNG.java:1199)
	at org.testng.TestNG.runSuitesLocally(TestNG.java:1124)
	at org.testng.TestNG.run(TestNG.java:1032)
	at org.testng.remote.AbstractRemoteTestNG.run(AbstractRemoteTestNG.java:126)
	at org.testng.remote.RemoteTestNG.initAndRun(RemoteTestNG.java:152)
	at org.testng.remote.RemoteTestNG.main(RemoteTestNG.java:57)
]]>
            </full-stacktrace>
          </exception> <!-- java.lang.AssertionError -->
          <reporter-output>
          </reporter-output>
        </test-method> <!-- TestB_update -->
        <test-method status="PASS" signature="TestC_delete()[pri:0, instance:selenium_webtest.Webtest@60c6f5b]" name="TestC_delete" duration-ms="3698" started-at="2016-10-06T16:11:31Z" finished-at="2016-10-06T16:11:35Z">
          <reporter-output>
          </reporter-output>
        </test-method> <!-- TestC_delete -->
        <test-method status="PASS" signature="endTest()[pri:0, instance:selenium_webtest.Webtest@60c6f5b]" name="endTest" is-config="true" duration-ms="2322" started-at="2016-10-06T16:11:35Z" finished-at="2016-10-06T16:11:37Z">
          <reporter-output>
          </reporter-output>
        </test-method> <!-- endTest -->
      </class> <!-- selenium_webtest.Webtest -->
    </test> <!-- Default test -->
  </suite> <!-- Default suite -->
</testng-results>
